<?xml version="1.0" encoding="UTF-8"?>
<testsuite time="4.43" failures="0" tests="1" name="tests" >
  <testcase time="4.421" classname="tests" name="first-test.ta" />
</testsuite>